Start importingStart importingImport successful: import2022-01-24T13:10:51.981275Z Start importing
2022-01-24T13:10:54.134315Z Import successful: import
2022-01-24T13:13:11.676165Z Start importing
2022-01-24T13:13:13.647717Z Import successful: import
2022-01-24T13:13:48.225351Z Start importing
2022-01-24T13:13:50.576683Z Import successful: import
2022-01-24T13:14:10.590049Z Start importing
2022-01-24T13:14:13.525940Z Import successful: import
2022-01-24T13:19:22.820866Z Start importing
2022-01-24T13:19:25.842988Z Import successful: brands-dev.csv
2022-01-24T13:22:20.481317Z Start importing
2022-01-24T13:22:22.114364Z Import successful: brands-dev.csv
2022-01-24T13:22:25.706702Z Import successful: brands-qa.csv
2022-01-24T13:22:29.736055Z Import successful: brands-stage.csv
2022-01-24T13:22:33.344084Z Import successful: brands-common.csv
2022-01-24T13:22:38.053492Z Import successful: brands-prod.csv
2022-01-24T13:22:42.390920Z Import finished
2022-01-24T13:27:15.106056Z Start importing
2022-01-24T13:27:18.782398Z Import successful: brands-dev.csv
2022-01-24T13:27:22.682933Z Import successful: brands-qa.csv
2022-01-24T13:27:27.730007Z Import successful: brands-stage.csv
2022-01-24T13:27:33.050155Z Import successful: brands-common.csv
2022-01-24T13:27:37.572052Z Import successful: brands-prod.csv
2022-01-24T13:27:41.076076Z Import finished
